================================================================================
CHATBOT AI MODEL - SETUP VERIFICATION
================================================================================

[1/5] Testing AI Engine Import...
Traceback (most recent call last):
  File "c:\Users\balin\Downloads\ishuproject-main (1)\ishuproject-main\test_chatbot_setup.py", line 18, in <module>
    print("\u2713 Successfully imported ComprehensiveChatbot")
  File "C:\Program Files\WindowsApps\PythonSoftwareFoundation.Python.3.11_3.11.2544.0_x64__qbz5n2kfra8p0\Lib\encodings\cp1252.py", line 19, in encode
    return codecs.charmap_encode(input,self.errors,encoding_table)[0]
           ^^^^^^^^^^^^^^^^^^^^^^^^^^^^^^^^^^^^^^^^^^^^^^^^^^^^^^^
UnicodeEncodeError: 'charmap' codec can't encode character '\u2713' in position 0: character maps to <undefined>

During handling of the above exception, another exception occurred:

Traceback (most recent call last):
  File "c:\Users\balin\Downloads\ishuproject-main (1)\ishuproject-main\test_chatbot_setup.py", line 20, in <module>
    print(f"\u2717 Failed to import: {e}")
  File "C:\Program Files\WindowsApps\PythonSoftwareFoundation.Python.3.11_3.11.2544.0_x64__qbz5n2kfra8p0\Lib\encodings\cp1252.py", line 19, in encode
    return codecs.charmap_encode(input,self.errors,encoding_table)[0]
           ^^^^^^^^^^^^^^^^^^^^^^^^^^^^^^^^^^^^^^^^^^^^^^^^^^^^^^^
UnicodeEncodeError: 'charmap' codec can't encode character '\u2717' in position 0: character maps to <undefined>
